
> Fantavega@0.1.0 socket:dev /home/nuno/programmazione/fantavega
> tsx watch socket-server.ts

🚀 Avvio del server Socket.IO...
🟢 Server Socket.IO in esecuzione su http://localhost:3001
✅ Utente connesso: saUaFbFvhQSRrA4TAAAB
[Socket] Utente saUaFbFvhQSRrA4TAAAB si è unito alla sua stanza personale: user-user_2vJ5o9wgDIZM6wtwEx8XW36PrOe
[Socket] Utente saUaFbFvhQSRrA4TAAAB si è unito alla stanza: league-league-1
[Socket] Utente saUaFbFvhQSRrA4TAAAB ha lasciato la stanza: league-league-1
[Socket] Utente saUaFbFvhQSRrA4TAAAB si è unito alla stanza: league-league-1
[Socket] Utente saUaFbFvhQSRrA4TAAAB ha lasciato la stanza: league-league-1
[Socket] Utente saUaFbFvhQSRrA4TAAAB si è unito alla stanza: league-league-1
❌ Utente disconnesso: saUaFbFvhQSRrA4TAAAB
✅ Utente connesso: vlNkWKjXM1zKCUQXAAAD
[Socket] Utente vlNkWKjXM1zKCUQXAAAD si è unito alla sua stanza personale: user-user_2vJ5o9wgDIZM6wtwEx8XW36PrOe
[Socket] Utente vlNkWKjXM1zKCUQXAAAD si è unito alla stanza: league-league-1
[Socket] Utente vlNkWKjXM1zKCUQXAAAD ha lasciato la stanza: league-league-1
[Socket] Utente vlNkWKjXM1zKCUQXAAAD si è unito alla stanza: league-league-1
[Socket] Utente vlNkWKjXM1zKCUQXAAAD si è unito alla stanza: league-1
[Socket] Utente vlNkWKjXM1zKCUQXAAAD ha lasciato la stanza: league-1
[Socket] Utente vlNkWKjXM1zKCUQXAAAD si è unito alla stanza: league-1
❌ Utente disconnesso: vlNkWKjXM1zKCUQXAAAD
✅ Utente connesso: 2cdcWzStCBDvJXNtAAAF
[Socket] Utente 2cdcWzStCBDvJXNtAAAF si è unito alla sua stanza personale: user-user_2vJ5o9wgDIZM6wtwEx8XW36PrOe
[Socket] Utente 2cdcWzStCBDvJXNtAAAF si è unito alla stanza: league-league-1
[Socket] Utente 2cdcWzStCBDvJXNtAAAF ha lasciato la stanza: league-league-1
[Socket] Utente 2cdcWzStCBDvJXNtAAAF si è unito alla stanza: league-league-1
[Socket] Utente 2cdcWzStCBDvJXNtAAAF si è unito alla stanza: league-1
[Socket] Utente 2cdcWzStCBDvJXNtAAAF ha lasciato la stanza: league-1
[Socket] Utente 2cdcWzStCBDvJXNtAAAF si è unito alla stanza: league-1
[Socket] Utente 2cdcWzStCBDvJXNtAAAF ha lasciato la stanza: league-league-1
[Socket] Utente 2cdcWzStCBDvJXNtAAAF ha lasciato la stanza: league-1
[Socket] Utente 2cdcWzStCBDvJXNtAAAF si è unito alla stanza: league-league-1
[Socket] Utente 2cdcWzStCBDvJXNtAAAF ha lasciato la stanza: league-league-1
[Socket] Utente 2cdcWzStCBDvJXNtAAAF si è unito alla stanza: league-league-1
[Socket] Utente 2cdcWzStCBDvJXNtAAAF ha lasciato la stanza: league-league-1
[Socket] Utente 2cdcWzStCBDvJXNtAAAF si è unito alla stanza: league-league-1
[Socket] Utente 2cdcWzStCBDvJXNtAAAF si è unito alla stanza: league-1
[Socket] Utente 2cdcWzStCBDvJXNtAAAF ha lasciato la stanza: league-1
[Socket] Utente 2cdcWzStCBDvJXNtAAAF si è unito alla stanza: league-1
[Socket] Utente 2cdcWzStCBDvJXNtAAAF ha lasciato la stanza: league-league-1
[Socket] Utente 2cdcWzStCBDvJXNtAAAF ha lasciato la stanza: league-1
[Socket] Utente 2cdcWzStCBDvJXNtAAAF si è unito alla stanza: league-league-1
[Socket] Utente 2cdcWzStCBDvJXNtAAAF ha lasciato la stanza: league-league-1
[Socket] Utente 2cdcWzStCBDvJXNtAAAF si è unito alla stanza: league-league-1
[Socket] Utente 2cdcWzStCBDvJXNtAAAF ha lasciato la stanza: league-league-1
[Socket] Utente 2cdcWzStCBDvJXNtAAAF si è unito alla stanza: league-league-1
❌ Utente disconnesso: 2cdcWzStCBDvJXNtAAAF
✅ Utente connesso: NVbYxllrcvqFPirlAAAH
[Socket] Utente NVbYxllrcvqFPirlAAAH si è unito alla sua stanza personale: user-user_2vJ5o9wgDIZM6wtwEx8XW36PrOe
[Socket] Utente NVbYxllrcvqFPirlAAAH si è unito alla stanza: league-league-1
[Socket] Utente NVbYxllrcvqFPirlAAAH ha lasciato la stanza: league-league-1
[Socket] Utente NVbYxllrcvqFPirlAAAH si è unito alla stanza: league-league-1
